2018/11/08 07:08:11 [error] [exception.CHttpException.404] exception 'CHttpException' with message 'Unable to resolve the request "gii".' in C:\softwears\xampp\htdocs\yii\framework\web\CWebApplication.php:286
Stack trace:
#0 C:\softwears\xampp\htdocs\yii\framework\web\CWebApplication.php(141): CWebApplication->runController('gii')
#1 C:\softwears\xampp\htdocs\yii\framework\base\CApplication.php(185): CWebApplication->processRequest()
#2 C:\softwears\xampp\htdocs\sra\index.php(13): CApplication->run()
#3 {main}
REQUEST_URI=/sra/index.php?r=gii
---
2018/11/08 08:48:45 [error] [exception.CHttpException.404] exception 'CHttpException' with message 'Unable to resolve the request "_sum".' in C:\softwears\xampp\htdocs\yii\framework\web\CWebApplication.php:286
Stack trace:
#0 C:\softwears\xampp\htdocs\yii\framework\web\CWebApplication.php(141): CWebApplication->runController('_sum')
#1 C:\softwears\xampp\htdocs\yii\framework\base\CApplication.php(185): CWebApplication->processRequest()
#2 C:\softwears\xampp\htdocs\sra\index.php(13): CApplication->run()
#3 {main}
REQUEST_URI=/sra/index.php?r=_sum
---
2018/11/08 08:49:56 [error] [exception.CHttpException.404] exception 'CHttpException' with message 'Unable to resolve the request "Sum".' in C:\softwears\xampp\htdocs\yii\framework\web\CWebApplication.php:286
Stack trace:
#0 C:\softwears\xampp\htdocs\yii\framework\web\CWebApplication.php(141): CWebApplication->runController('Sum')
#1 C:\softwears\xampp\htdocs\yii\framework\base\CApplication.php(185): CWebApplication->processRequest()
#2 C:\softwears\xampp\htdocs\sra\index.php(13): CApplication->run()
#3 {main}
REQUEST_URI=/sra/index.php?r=Sum
---
2018/11/08 08:50:10 [error] [exception.CHttpException.404] exception 'CHttpException' with message 'Unable to resolve the request "Sum\_sum.php".' in C:\softwears\xampp\htdocs\yii\framework\web\CWebApplication.php:286
Stack trace:
#0 C:\softwears\xampp\htdocs\yii\framework\web\CWebApplication.php(141): CWebApplication->runController('Sum\\_sum.php')
#1 C:\softwears\xampp\htdocs\yii\framework\base\CApplication.php(185): CWebApplication->processRequest()
#2 C:\softwears\xampp\htdocs\sra\index.php(13): CApplication->run()
#3 {main}
REQUEST_URI=/sra/index.php?r=Sum\_sum.php
---
2018/11/08 08:51:22 [error] [exception.CHttpException.404] exception 'CHttpException' with message 'Unable to resolve the request "Sum".' in C:\softwears\xampp\htdocs\yii\framework\web\CWebApplication.php:286
Stack trace:
#0 C:\softwears\xampp\htdocs\yii\framework\web\CWebApplication.php(141): CWebApplication->runController('Sum')
#1 C:\softwears\xampp\htdocs\yii\framework\base\CApplication.php(185): CWebApplication->processRequest()
#2 C:\softwears\xampp\htdocs\sra\index.php(13): CApplication->run()
#3 {main}
REQUEST_URI=/sra/index.php?r=Sum
---
2018/11/08 08:51:25 [error] [exception.CHttpException.404] exception 'CHttpException' with message 'Unable to resolve the request "Sum".' in C:\softwears\xampp\htdocs\yii\framework\web\CWebApplication.php:286
Stack trace:
#0 C:\softwears\xampp\htdocs\yii\framework\web\CWebApplication.php(141): CWebApplication->runController('Sum')
#1 C:\softwears\xampp\htdocs\yii\framework\base\CApplication.php(185): CWebApplication->processRequest()
#2 C:\softwears\xampp\htdocs\sra\index.php(13): CApplication->run()
#3 {main}
REQUEST_URI=/sra/index.php?r=Sum
---
2018/11/08 08:51:28 [error] [exception.CHttpException.404] exception 'CHttpException' with message 'Unable to resolve the request "Sum".' in C:\softwears\xampp\htdocs\yii\framework\web\CWebApplication.php:286
Stack trace:
#0 C:\softwears\xampp\htdocs\yii\framework\web\CWebApplication.php(141): CWebApplication->runController('Sum')
#1 C:\softwears\xampp\htdocs\yii\framework\base\CApplication.php(185): CWebApplication->processRequest()
#2 C:\softwears\xampp\htdocs\sra\index.php(13): CApplication->run()
#3 {main}
REQUEST_URI=/sra/index.php?r=Sum
---
